<component name="libraryTable">
  <library name="junit-jupiter-api-5.11.3">
    <CLASSES>
      <root url="jar://$PROJECT_DIR$/junit-jupiter-api-5.11.3.jar!/" />
      <root url="jar://$PROJECT_DIR$/../gson-2.10.1.jar!/" />
    </CLASSES>
    <JAVADOC />
    <SOURCES />
  </library>
</component>